Terminals unused in grammar

   BREAK
   CASE
   CONTINUE
   DEFAULT
   DO
   ELSE
   FOR
   IF
   JNULL
   NEW
   OPERATOR
   RETURN
   SWITCH
   WHILE
   ASS_AND
   ASS_OR
   '~'


Grammar

    0 $accept: ProgramFile $end

    1 TypeSpecifier: TypeName
    2              | TypeName DimExprs

    3 TypeName: PrimitiveType
    4         | QualifiedName

    5 PrimitiveType: BOOLEAN
    6              | CHAR
    7              | BYTE
    8              | SHORT
    9              | INT
   10              | LONG
   11              | FLOAT
   12              | DOUBLE
   13              | VOID

   14 ProgramFile: ImportStatements ClassHeader '{' FieldDeclarations '}'
   15            | ClassHeader '{' FieldDeclarations '}'

   16 ImportStatements: ImportStatement
   17                 | ImportStatements ImportStatement

   18 ImportStatement: IMPORT QualifiedName ';'
   19                | IMPORT QualifiedName '.' '*' ';'

   20 QualifiedName: ID
   21              | QualifiedName '.' ID

   22 ClassHeader: PUBLIC CLASS ID
   23            | CLASS ID

   24 FieldDeclarations: FieldDeclaration
   25                  | FieldDeclarations FieldDeclaration

   26 FieldDeclaration: AttrDeclaration ';'
   27                 | MethodDeclaration

   28 AttrDeclaration: PUBLIC STATIC TypeSpecifier VariableDeclarators
   29                | STATIC TypeSpecifier VariableDeclarators

   30 VariableDeclarators: VariableDeclarator
   31                    | VariableDeclarators ',' VariableDeclarator

   32 VariableDeclarator: DeclaratorName
   33                   | DeclaratorName '=' VariableInitializer

   34 VariableInitializer: Expression
   35                    | '{' '}'
   36                    | '{' ArrayInitializers '}'

   37 ArrayInitializers: VariableInitializer
   38                  | ArrayInitializers ',' VariableInitializer
   39                  | ArrayInitializers ','

   40 MethodDeclaration: PUBLIC STATIC TypeSpecifier MethodDeclarator Block
   41                  | STATIC TypeSpecifier MethodDeclarator Block

   42 MethodDeclarator: DeclaratorName '(' ParameterList ')'
   43                 | DeclaratorName '(' ')'
   44                 | MethodDeclarator OP_DIM

   45 ParameterList: Parameter
   46              | ParameterList ',' Parameter

   47 Parameter: TypeSpecifier DeclaratorName

   48 DeclaratorName: ID
   49               | DeclaratorName OP_DIM

   50 Block: '{' LocalVariableDeclarationsAndStatements '}'
   51      | '{' '}'

   52 LocalVariableDeclarationsAndStatements: LocalVariableDeclarationOrStatement
   53                                       | LocalVariableDeclarationsAndStatements LocalVariableDeclarationOrStatement

   54 LocalVariableDeclarationOrStatement: LocalVariableDeclarationStatement
   55                                    | Statement

   56 LocalVariableDeclarationStatement: TypeSpecifier VariableDeclarators ';'

   57 Statement: ';'

   58 DimExprs: DimExpr
   59         | DimExprs DimExpr

   60 DimExpr: '[' Expression ']'
   61        | '[' ']'

   62 UnaryExpression: OP_INC ID
   63                | OP_DEC ID
   64                | ID OP_INC
   65                | ID OP_DEC
   66                | BasicElement
   67                | '!' ID

   68 BasicElement: ID
   69             | LITERAL

   70 CastExpression: UnaryExpression
   71               | '(' PrimitiveType ')' UnaryExpression

   72 ArithmeticExpression: CastExpression
   73                     | ArithmeticExpression '+' ArithmeticExpression
   74                     | ArithmeticExpression '-' ArithmeticExpression
   75                     | ArithmeticExpression '/' ArithmeticExpression
   76                     | ArithmeticExpression '*' ArithmeticExpression
   77                     | ArithmeticExpression '%' ArithmeticExpression
   78                     | ArithmeticExpression OP_SHL ArithmeticExpression
   79                     | ArithmeticExpression OP_SHR ArithmeticExpression

   80 RelationalExpression: ArithmeticExpression
   81                     | ArithmeticExpression '<' RelationalExpression
   82                     | ArithmeticExpression '>' RelationalExpression
   83                     | ArithmeticExpression OP_LESS_EQUAL RelationalExpression
   84                     | ArithmeticExpression OP_GREATER_EQUAL RelationalExpression
   85                     | ArithmeticExpression OP_EQUAL RelationalExpression
   86                     | ArithmeticExpression OP_DIFFERENT RelationalExpression
   87                     | ArithmeticExpression '&' RelationalExpression
   88                     | ArithmeticExpression '^' RelationalExpression
   89                     | ArithmeticExpression '|' RelationalExpression
   90                     | ArithmeticExpression OP_AND RelationalExpression
   91                     | ArithmeticExpression OP_OR RelationalExpression

   92 Expression: ConditionalExpression
   93           | AssignmentExpression

   94 ConditionalExpression: RelationalExpression
   95                      | RelationalExpression '?' Expression ':' Expression

   96 AssignmentExpression: ID '=' Expression
   97                     | ID ASS_MUL Expression
   98                     | ID ASS_DIV Expression
   99                     | ID ASS_ADD Expression
  100                     | ID ASS_SUB Expression
  101                     | ID ASS_XOR Expression
  102                     | ID ASS_MOD Expression
  103                     | ID ASS_SHL Expression
  104                     | ID ASS_SHR Expression


Terminals, with rules where they appear

$end (0) 0
'!' (33) 67
'%' (37) 77
'&' (38) 87
'(' (40) 42 43 71
')' (41) 42 43 71
'*' (42) 19 76
'+' (43) 73
',' (44) 31 38 39 46
'-' (45) 74
'.' (46) 19 21
'/' (47) 75
':' (58) 95
';' (59) 18 19 26 56 57
'<' (60) 81
'=' (61) 33 96
'>' (62) 82
'?' (63) 95
'[' (91) 60 61
']' (93) 60 61
'^' (94) 88
'{' (123) 14 15 35 36 50 51
'|' (124) 89
'}' (125) 14 15 35 36 50 51
'~' (126)
error (256)
BOOLEAN (258) 5
BREAK (259)
BYTE (260) 7
CASE (261)
CHAR (262) 6
CLASS (263) 22 23
CONTINUE (264)
DEFAULT (265)
DO (266)
DOUBLE (267) 12
ELSE (268)
FLOAT (269) 11
FOR (270)
IF (271)
IMPORT (272) 18 19
INT (273) 9
JNULL (274)
LONG (275) 10
NEW (276)
OPERATOR (277)
PUBLIC (278) 22 28 40
RETURN (279)
SHORT (280) 8
STATIC (281) 28 29 40 41
SWITCH (282)
VOID (283) 13
WHILE (284)
OP_INC (285) 62 64
OP_DEC (286) 63 65
OP_SHL (287) 78
OP_SHR (288) 79
OP_GREATER_EQUAL (289) 84
OP_LESS_EQUAL (290) 83
OP_EQUAL (291) 85
OP_DIFFERENT (292) 86
OP_AND (293) 90
OP_OR (294) 91
OP_DIM (295) 44 49
ASS_MUL (296) 97
ASS_DIV (297) 98
ASS_ADD (298) 99
ASS_SUB (299) 100
ASS_XOR (300) 101
ASS_MOD (301) 102
ASS_SHL (302) 103
ASS_SHR (303) 104
ASS_AND (304)
ASS_OR (305)
ID (306) 20 21 22 23 48 62 63 64 65 67 68 96 97 98 99 100 101 102 103
    104
LITERAL (307) 69


Nonterminals, with rules where they appear

$accept (77)
    on left: 0
TypeSpecifier (78)
    on left: 1 2, on right: 28 29 40 41 47 56
TypeName (79)
    on left: 3 4, on right: 1 2
PrimitiveType (80)
    on left: 5 6 7 8 9 10 11 12 13, on right: 3 71
ProgramFile (81)
    on left: 14 15, on right: 0
ImportStatements (82)
    on left: 16 17, on right: 14 17
ImportStatement (83)
    on left: 18 19, on right: 16 17
QualifiedName (84)
    on left: 20 21, on right: 4 18 19 21
ClassHeader (85)
    on left: 22 23, on right: 14 15
FieldDeclarations (86)
    on left: 24 25, on right: 14 15 25
FieldDeclaration (87)
    on left: 26 27, on right: 24 25
AttrDeclaration (88)
    on left: 28 29, on right: 26
VariableDeclarators (89)
    on left: 30 31, on right: 28 29 31 56
VariableDeclarator (90)
    on left: 32 33, on right: 30 31
VariableInitializer (91)
    on left: 34 35 36, on right: 33 37 38
ArrayInitializers (92)
    on left: 37 38 39, on right: 36 38 39
MethodDeclaration (93)
    on left: 40 41, on right: 27
MethodDeclarator (94)
    on left: 42 43 44, on right: 40 41 44
ParameterList (95)
    on left: 45 46, on right: 42 46
Parameter (96)
    on left: 47, on right: 45 46
DeclaratorName (97)
    on left: 48 49, on right: 32 33 42 43 47 49
Block (98)
    on left: 50 51, on right: 40 41
LocalVariableDeclarationsAndStatements (99)
    on left: 52 53, on right: 50 53
LocalVariableDeclarationOrStatement (100)
    on left: 54 55, on right: 52 53
LocalVariableDeclarationStatement (101)
    on left: 56, on right: 54
Statement (102)
    on left: 57, on right: 55
DimExprs (103)
    on left: 58 59, on right: 2 59
DimExpr (104)
    on left: 60 61, on right: 58 59
UnaryExpression (105)
    on left: 62 63 64 65 66 67, on right: 70 71
BasicElement (106)
    on left: 68 69, on right: 66
CastExpression (107)
    on left: 70 71, on right: 72
ArithmeticExpression (108)
    on left: 72 73 74 75 76 77 78 79, on right: 73 74 75 76 77 78 79
    80 81 82 83 84 85 86 87 88 89 90 91
RelationalExpression (109)
    on left: 80 81 82 83 84 85 86 87 88 89 90 91, on right: 81 82 83
    84 85 86 87 88 89 90 91 94 95
Expression (110)
    on left: 92 93, on right: 34 60 95 96 97 98 99 100 101 102 103
    104
ConditionalExpression (111)
    on left: 94 95, on right: 92
AssignmentExpression (112)
    on left: 96 97 98 99 100 101 102 103 104, on right: 93


state 0

    0 $accept: . ProgramFile $end

    CLASS   shift, and go to state 1
    IMPORT  shift, and go to state 2
    PUBLIC  shift, and go to state 3

    ProgramFile       go to state 4
    ImportStatements  go to state 5
    ImportStatement   go to state 6
    ClassHeader       go to state 7


state 1

   23 ClassHeader: CLASS . ID

    ID  shift, and go to state 8


state 2

   18 ImportStatement: IMPORT . QualifiedName ';'
   19                | IMPORT . QualifiedName '.' '*' ';'

    ID  shift, and go to state 9

    QualifiedName  go to state 10


state 3

   22 ClassHeader: PUBLIC . CLASS ID

    CLASS  shift, and go to state 11


state 4

    0 $accept: ProgramFile . $end

    $end  shift, and go to state 12


state 5

   14 ProgramFile: ImportStatements . ClassHeader '{' FieldDeclarations '}'
   17 ImportStatements: ImportStatements . ImportStatement

    CLASS   shift, and go to state 1
    IMPORT  shift, and go to state 2
    PUBLIC  shift, and go to state 3

    ImportStatement  go to state 13
    ClassHeader      go to state 14


state 6

   16 ImportStatements: ImportStatement .

    $default  reduce using rule 16 (ImportStatements)


state 7

   15 ProgramFile: ClassHeader . '{' FieldDeclarations '}'

    '{'  shift, and go to state 15


state 8

   23 ClassHeader: CLASS ID .

    $default  reduce using rule 23 (ClassHeader)


state 9

   20 QualifiedName: ID .

    $default  reduce using rule 20 (QualifiedName)


state 10

   18 ImportStatement: IMPORT QualifiedName . ';'
   19                | IMPORT QualifiedName . '.' '*' ';'
   21 QualifiedName: QualifiedName . '.' ID

    ';'  shift, and go to state 16
    '.'  shift, and go to state 17


state 11

   22 ClassHeader: PUBLIC CLASS . ID

    ID  shift, and go to state 18


state 12

    0 $accept: ProgramFile $end .

    $default  accept


state 13

   17 ImportStatements: ImportStatements ImportStatement .

    $default  reduce using rule 17 (ImportStatements)


state 14

   14 ProgramFile: ImportStatements ClassHeader . '{' FieldDeclarations '}'

    '{'  shift, and go to state 19


state 15

   15 ProgramFile: ClassHeader '{' . FieldDeclarations '}'

    PUBLIC  shift, and go to state 20
    STATIC  shift, and go to state 21

    FieldDeclarations  go to state 22
    FieldDeclaration   go to state 23
    AttrDeclaration    go to state 24
    MethodDeclaration  go to state 25


state 16

   18 ImportStatement: IMPORT QualifiedName ';' .

    $default  reduce using rule 18 (ImportStatement)


state 17

   19 ImportStatement: IMPORT QualifiedName '.' . '*' ';'
   21 QualifiedName: QualifiedName '.' . ID

    ID   shift, and go to state 26
    '*'  shift, and go to state 27


state 18

   22 ClassHeader: PUBLIC CLASS ID .

    $default  reduce using rule 22 (ClassHeader)


state 19

   14 ProgramFile: ImportStatements ClassHeader '{' . FieldDeclarations '}'

    PUBLIC  shift, and go to state 20
    STATIC  shift, and go to state 21

    FieldDeclarations  go to state 28
    FieldDeclaration   go to state 23
    AttrDeclaration    go to state 24
    MethodDeclaration  go to state 25


state 20

   28 AttrDeclaration: PUBLIC . STATIC TypeSpecifier VariableDeclarators
   40 MethodDeclaration: PUBLIC . STATIC TypeSpecifier MethodDeclarator Block

    STATIC  shift, and go to state 29


state 21

   29 AttrDeclaration: STATIC . TypeSpecifier VariableDeclarators
   41 MethodDeclaration: STATIC . TypeSpecifier MethodDeclarator Block

    BOOLEAN  shift, and go to state 30
    BYTE     shift, and go to state 31
    CHAR     shift, and go to state 32
    DOUBLE   shift, and go to state 33
    FLOAT    shift, and go to state 34
    INT      shift, and go to state 35
    LONG     shift, and go to state 36
    SHORT    shift, and go to state 37
    VOID     shift, and go to state 38
    ID       shift, and go to state 9

    TypeSpecifier  go to state 39
    TypeName       go to state 40
    PrimitiveType  go to state 41
    QualifiedName  go to state 42


state 22

   15 ProgramFile: ClassHeader '{' FieldDeclarations . '}'
   25 FieldDeclarations: FieldDeclarations . FieldDeclaration

    PUBLIC  shift, and go to state 20
    STATIC  shift, and go to state 21
    '}'     shift, and go to state 43

    FieldDeclaration   go to state 44
    AttrDeclaration    go to state 24
    MethodDeclaration  go to state 25


state 23

   24 FieldDeclarations: FieldDeclaration .

    $default  reduce using rule 24 (FieldDeclarations)


state 24

   26 FieldDeclaration: AttrDeclaration . ';'

    ';'  shift, and go to state 45


state 25

   27 FieldDeclaration: MethodDeclaration .

    $default  reduce using rule 27 (FieldDeclaration)


state 26

   21 QualifiedName: QualifiedName '.' ID .

    $default  reduce using rule 21 (QualifiedName)


state 27

   19 ImportStatement: IMPORT QualifiedName '.' '*' . ';'

    ';'  shift, and go to state 46


state 28

   14 ProgramFile: ImportStatements ClassHeader '{' FieldDeclarations . '}'
   25 FieldDeclarations: FieldDeclarations . FieldDeclaration

    PUBLIC  shift, and go to state 20
    STATIC  shift, and go to state 21
    '}'     shift, and go to state 47

    FieldDeclaration   go to state 44
    AttrDeclaration    go to state 24
    MethodDeclaration  go to state 25


state 29

   28 AttrDeclaration: PUBLIC STATIC . TypeSpecifier VariableDeclarators
   40 MethodDeclaration: PUBLIC STATIC . TypeSpecifier MethodDeclarator Block

    BOOLEAN  shift, and go to state 30
    BYTE     shift, and go to state 31
    CHAR     shift, and go to state 32
    DOUBLE   shift, and go to state 33
    FLOAT    shift, and go to state 34
    INT      shift, and go to state 35
    LONG     shift, and go to state 36
    SHORT    shift, and go to state 37
    VOID     shift, and go to state 38
    ID       shift, and go to state 9

    TypeSpecifier  go to state 48
    TypeName       go to state 40
    PrimitiveType  go to state 41
    QualifiedName  go to state 42


state 30

    5 PrimitiveType: BOOLEAN .

    $default  reduce using rule 5 (PrimitiveType)


state 31

    7 PrimitiveType: BYTE .

    $default  reduce using rule 7 (PrimitiveType)


state 32

    6 PrimitiveType: CHAR .

    $default  reduce using rule 6 (PrimitiveType)


state 33

   12 PrimitiveType: DOUBLE .

    $default  reduce using rule 12 (PrimitiveType)


state 34

   11 PrimitiveType: FLOAT .

    $default  reduce using rule 11 (PrimitiveType)


state 35

    9 PrimitiveType: INT .

    $default  reduce using rule 9 (PrimitiveType)


state 36

   10 PrimitiveType: LONG .

    $default  reduce using rule 10 (PrimitiveType)


state 37

    8 PrimitiveType: SHORT .

    $default  reduce using rule 8 (PrimitiveType)


state 38

   13 PrimitiveType: VOID .

    $default  reduce using rule 13 (PrimitiveType)


state 39

   29 AttrDeclaration: STATIC TypeSpecifier . VariableDeclarators
   41 MethodDeclaration: STATIC TypeSpecifier . MethodDeclarator Block

    ID  shift, and go to state 49

    VariableDeclarators  go to state 50
    VariableDeclarator   go to state 51
    MethodDeclarator     go to state 52
    DeclaratorName       go to state 53


state 40

    1 TypeSpecifier: TypeName .
    2              | TypeName . DimExprs

    '['  shift, and go to state 54

    $default  reduce using rule 1 (TypeSpecifier)

    DimExprs  go to state 55
    DimExpr   go to state 56


state 41

    3 TypeName: PrimitiveType .

    $default  reduce using rule 3 (TypeName)


state 42

    4 TypeName: QualifiedName .
   21 QualifiedName: QualifiedName . '.' ID

    '.'  shift, and go to state 57

    $default  reduce using rule 4 (TypeName)


state 43

   15 ProgramFile: ClassHeader '{' FieldDeclarations '}' .

    $default  reduce using rule 15 (ProgramFile)


state 44

   25 FieldDeclarations: FieldDeclarations FieldDeclaration .

    $default  reduce using rule 25 (FieldDeclarations)


state 45

   26 FieldDeclaration: AttrDeclaration ';' .

    $default  reduce using rule 26 (FieldDeclaration)


state 46

   19 ImportStatement: IMPORT QualifiedName '.' '*' ';' .

    $default  reduce using rule 19 (ImportStatement)


state 47

   14 ProgramFile: ImportStatements ClassHeader '{' FieldDeclarations '}' .

    $default  reduce using rule 14 (ProgramFile)


state 48

   28 AttrDeclaration: PUBLIC STATIC TypeSpecifier . VariableDeclarators
   40 MethodDeclaration: PUBLIC STATIC TypeSpecifier . MethodDeclarator Block

    ID  shift, and go to state 49

    VariableDeclarators  go to state 58
    VariableDeclarator   go to state 51
    MethodDeclarator     go to state 59
    DeclaratorName       go to state 53


state 49

   48 DeclaratorName: ID .

    $default  reduce using rule 48 (DeclaratorName)


state 50

   29 AttrDeclaration: STATIC TypeSpecifier VariableDeclarators .
   31 VariableDeclarators: VariableDeclarators . ',' VariableDeclarator

    ','  shift, and go to state 60

    $default  reduce using rule 29 (AttrDeclaration)


state 51

   30 VariableDeclarators: VariableDeclarator .

    $default  reduce using rule 30 (VariableDeclarators)


state 52

   41 MethodDeclaration: STATIC TypeSpecifier MethodDeclarator . Block
   44 MethodDeclarator: MethodDeclarator . OP_DIM

    OP_DIM  shift, and go to state 61
    '{'     shift, and go to state 62

    Block  go to state 63


state 53

   32 VariableDeclarator: DeclaratorName .
   33                   | DeclaratorName . '=' VariableInitializer
   42 MethodDeclarator: DeclaratorName . '(' ParameterList ')'
   43                 | DeclaratorName . '(' ')'
   49 DeclaratorName: DeclaratorName . OP_DIM

    OP_DIM  shift, and go to state 64
    '='     shift, and go to state 65
    '('     shift, and go to state 66

    $default  reduce using rule 32 (VariableDeclarator)


state 54

   60 DimExpr: '[' . Expression ']'
   61        | '[' . ']'

    OP_INC   shift, and go to state 67
    OP_DEC   shift, and go to state 68
    ID       shift, and go to state 69
    LITERAL  shift, and go to state 70
    '('      shift, and go to state 71
    '!'      shift, and go to state 72
    ']'      shift, and go to state 73

    UnaryExpression        go to state 74
    BasicElement           go to state 75
    CastExpression         go to state 76
    ArithmeticExpression   go to state 77
    RelationalExpression   go to state 78
    Expression             go to state 79
    ConditionalExpression  go to state 80
    AssignmentExpression   go to state 81


state 55

    2 TypeSpecifier: TypeName DimExprs .
   59 DimExprs: DimExprs . DimExpr

    '['  shift, and go to state 54

    $default  reduce using rule 2 (TypeSpecifier)

    DimExpr  go to state 82


state 56

   58 DimExprs: DimExpr .

    $default  reduce using rule 58 (DimExprs)


state 57

   21 QualifiedName: QualifiedName '.' . ID

    ID  shift, and go to state 26


state 58

   28 AttrDeclaration: PUBLIC STATIC TypeSpecifier VariableDeclarators .
   31 VariableDeclarators: VariableDeclarators . ',' VariableDeclarator

    ','  shift, and go to state 60

    $default  reduce using rule 28 (AttrDeclaration)


state 59

   40 MethodDeclaration: PUBLIC STATIC TypeSpecifier MethodDeclarator . Block
   44 MethodDeclarator: MethodDeclarator . OP_DIM

    OP_DIM  shift, and go to state 61
    '{'     shift, and go to state 62

    Block  go to state 83


state 60

   31 VariableDeclarators: VariableDeclarators ',' . VariableDeclarator

    ID  shift, and go to state 49

    VariableDeclarator  go to state 84
    DeclaratorName      go to state 85


state 61

   44 MethodDeclarator: MethodDeclarator OP_DIM .

    $default  reduce using rule 44 (MethodDeclarator)


state 62

   50 Block: '{' . LocalVariableDeclarationsAndStatements '}'
   51      | '{' . '}'

    BOOLEAN  shift, and go to state 30
    BYTE     shift, and go to state 31
    CHAR     shift, and go to state 32
    DOUBLE   shift, and go to state 33
    FLOAT    shift, and go to state 34
    INT      shift, and go to state 35
    LONG     shift, and go to state 36
    SHORT    shift, and go to state 37
    VOID     shift, and go to state 38
    ID       shift, and go to state 9
    '}'      shift, and go to state 86
    ';'      shift, and go to state 87

    TypeSpecifier                           go to state 88
    TypeName                                go to state 40
    PrimitiveType                           go to state 41
    QualifiedName                           go to state 42
    LocalVariableDeclarationsAndStatements  go to state 89
    LocalVariableDeclarationOrStatement     go to state 90
    LocalVariableDeclarationStatement       go to state 91
    Statement                               go to state 92


state 63

   41 MethodDeclaration: STATIC TypeSpecifier MethodDeclarator Block .

    $default  reduce using rule 41 (MethodDeclaration)


state 64

   49 DeclaratorName: DeclaratorName OP_DIM .

    $default  reduce using rule 49 (DeclaratorName)


state 65

   33 VariableDeclarator: DeclaratorName '=' . VariableInitializer

    OP_INC   shift, and go to state 67
    OP_DEC   shift, and go to state 68
    ID       shift, and go to state 69
    LITERAL  shift, and go to state 70
    '('      shift, and go to state 71
    '!'      shift, and go to state 72
    '{'      shift, and go to state 93

    VariableInitializer    go to state 94
    UnaryExpression        go to state 74
    BasicElement           go to state 75
    CastExpression         go to state 76
    ArithmeticExpression   go to state 77
    RelationalExpression   go to state 78
    Expression             go to state 95
    ConditionalExpression  go to state 80
    AssignmentExpression   go to state 81


state 66

   42 MethodDeclarator: DeclaratorName '(' . ParameterList ')'
   43                 | DeclaratorName '(' . ')'

    BOOLEAN  shift, and go to state 30
    BYTE     shift, and go to state 31
    CHAR     shift, and go to state 32
    DOUBLE   shift, and go to state 33
    FLOAT    shift, and go to state 34
    INT      shift, and go to state 35
    LONG     shift, and go to state 36
    SHORT    shift, and go to state 37
    VOID     shift, and go to state 38
    ID       shift, and go to state 9
    ')'      shift, and go to state 96

    TypeSpecifier  go to state 97
    TypeName       go to state 40
    PrimitiveType  go to state 41
    QualifiedName  go to state 42
    ParameterList  go to state 98
    Parameter      go to state 99


state 67

   62 UnaryExpression: OP_INC . ID

    ID  shift, and go to state 100


state 68

   63 UnaryExpression: OP_DEC . ID

    ID  shift, and go to state 101


state 69

   64 UnaryExpression: ID . OP_INC
   65                | ID . OP_DEC
   68 BasicElement: ID .
   96 AssignmentExpression: ID . '=' Expression
   97                     | ID . ASS_MUL Expression
   98                     | ID . ASS_DIV Expression
   99                     | ID . ASS_ADD Expression
  100                     | ID . ASS_SUB Expression
  101                     | ID . ASS_XOR Expression
  102                     | ID . ASS_MOD Expression
  103                     | ID . ASS_SHL Expression
  104                     | ID . ASS_SHR Expression

    OP_INC   shift, and go to state 102
    OP_DEC   shift, and go to state 103
    ASS_MUL  shift, and go to state 104
    ASS_DIV  shift, and go to state 105
    ASS_ADD  shift, and go to state 106
    ASS_SUB  shift, and go to state 107
    ASS_XOR  shift, and go to state 108
    ASS_MOD  shift, and go to state 109
    ASS_SHL  shift, and go to state 110
    ASS_SHR  shift, and go to state 111
    '='      shift, and go to state 112

    $default  reduce using rule 68 (BasicElement)


state 70

   69 BasicElement: LITERAL .

    $default  reduce using rule 69 (BasicElement)


state 71

   71 CastExpression: '(' . PrimitiveType ')' UnaryExpression

    BOOLEAN  shift, and go to state 30
    BYTE     shift, and go to state 31
    CHAR     shift, and go to state 32
    DOUBLE   shift, and go to state 33
    FLOAT    shift, and go to state 34
    INT      shift, and go to state 35
    LONG     shift, and go to state 36
    SHORT    shift, and go to state 37
    VOID     shift, and go to state 38

    PrimitiveType  go to state 113


state 72

   67 UnaryExpression: '!' . ID

    ID  shift, and go to state 114


state 73

   61 DimExpr: '[' ']' .

    $default  reduce using rule 61 (DimExpr)


state 74

   70 CastExpression: UnaryExpression .

    $default  reduce using rule 70 (CastExpression)


state 75

   66 UnaryExpression: BasicElement .

    $default  reduce using rule 66 (UnaryExpression)


state 76

   72 ArithmeticExpression: CastExpression .

    $default  reduce using rule 72 (ArithmeticExpression)


state 77

   73 ArithmeticExpression: ArithmeticExpression . '+' ArithmeticExpression
   74                     | ArithmeticExpression . '-' ArithmeticExpression
   75                     | ArithmeticExpression . '/' ArithmeticExpression
   76                     | ArithmeticExpression . '*' ArithmeticExpression
   77                     | ArithmeticExpression . '%' ArithmeticExpression
   78                     | ArithmeticExpression . OP_SHL ArithmeticExpression
   79                     | ArithmeticExpression . OP_SHR ArithmeticExpression
   80 RelationalExpression: ArithmeticExpression .
   81                     | ArithmeticExpression . '<' RelationalExpression
   82                     | ArithmeticExpression . '>' RelationalExpression
   83                     | ArithmeticExpression . OP_LESS_EQUAL RelationalExpression
   84                     | ArithmeticExpression . OP_GREATER_EQUAL RelationalExpression
   85                     | ArithmeticExpression . OP_EQUAL RelationalExpression
   86                     | ArithmeticExpression . OP_DIFFERENT RelationalExpression
   87                     | ArithmeticExpression . '&' RelationalExpression
   88                     | ArithmeticExpression . '^' RelationalExpression
   89                     | ArithmeticExpression . '|' RelationalExpression
   90                     | ArithmeticExpression . OP_AND RelationalExpression
   91                     | ArithmeticExpression . OP_OR RelationalExpression

    OP_SHL            shift, and go to state 115
    OP_SHR            shift, and go to state 116
    OP_GREATER_EQUAL  shift, and go to state 117
    OP_LESS_EQUAL     shift, and go to state 118
    OP_EQUAL          shift, and go to state 119
    OP_DIFFERENT      shift, and go to state 120
    OP_AND            shift, and go to state 121
    OP_OR             shift, and go to state 122
    '|'               shift, and go to state 123
    '^'               shift, and go to state 124
    '&'               shift, and go to state 125
    '>'               shift, and go to state 126
    '<'               shift, and go to state 127
    '-'               shift, and go to state 128
    '+'               shift, and go to state 129
    '*'               shift, and go to state 130
    '/'               shift, and go to state 131
    '%'               shift, and go to state 132

    $default  reduce using rule 80 (RelationalExpression)


state 78

   94 ConditionalExpression: RelationalExpression .
   95                      | RelationalExpression . '?' Expression ':' Expression

    '?'  shift, and go to state 133

    $default  reduce using rule 94 (ConditionalExpression)


state 79

   60 DimExpr: '[' Expression . ']'

    ']'  shift, and go to state 134


state 80

   92 Expression: ConditionalExpression .

    $default  reduce using rule 92 (Expression)


state 81

   93 Expression: AssignmentExpression .

    $default  reduce using rule 93 (Expression)


state 82

   59 DimExprs: DimExprs DimExpr .

    $default  reduce using rule 59 (DimExprs)


state 83

   40 MethodDeclaration: PUBLIC STATIC TypeSpecifier MethodDeclarator Block .

    $default  reduce using rule 40 (MethodDeclaration)


state 84

   31 VariableDeclarators: VariableDeclarators ',' VariableDeclarator .

    $default  reduce using rule 31 (VariableDeclarators)


state 85

   32 VariableDeclarator: DeclaratorName .
   33                   | DeclaratorName . '=' VariableInitializer
   49 DeclaratorName: DeclaratorName . OP_DIM

    OP_DIM  shift, and go to state 64
    '='     shift, and go to state 65

    $default  reduce using rule 32 (VariableDeclarator)


state 86

   51 Block: '{' '}' .

    $default  reduce using rule 51 (Block)


state 87

   57 Statement: ';' .

    $default  reduce using rule 57 (Statement)


state 88

   56 LocalVariableDeclarationStatement: TypeSpecifier . VariableDeclarators ';'

    ID  shift, and go to state 49

    VariableDeclarators  go to state 135
    VariableDeclarator   go to state 51
    DeclaratorName       go to state 85


state 89

   50 Block: '{' LocalVariableDeclarationsAndStatements . '}'
   53 LocalVariableDeclarationsAndStatements: LocalVariableDeclarationsAndStatements . LocalVariableDeclarationOrStatement

    BOOLEAN  shift, and go to state 30
    BYTE     shift, and go to state 31
    CHAR     shift, and go to state 32
    DOUBLE   shift, and go to state 33
    FLOAT    shift, and go to state 34
    INT      shift, and go to state 35
    LONG     shift, and go to state 36
    SHORT    shift, and go to state 37
    VOID     shift, and go to state 38
    ID       shift, and go to state 9
    '}'      shift, and go to state 136
    ';'      shift, and go to state 87

    TypeSpecifier                        go to state 88
    TypeName                             go to state 40
    PrimitiveType                        go to state 41
    QualifiedName                        go to state 42
    LocalVariableDeclarationOrStatement  go to state 137
    LocalVariableDeclarationStatement    go to state 91
    Statement                            go to state 92


state 90

   52 LocalVariableDeclarationsAndStatements: LocalVariableDeclarationOrStatement .

    $default  reduce using rule 52 (LocalVariableDeclarationsAndStatements)


state 91

   54 LocalVariableDeclarationOrStatement: LocalVariableDeclarationStatement .

    $default  reduce using rule 54 (LocalVariableDeclarationOrStatement)


state 92

   55 LocalVariableDeclarationOrStatement: Statement .

    $default  reduce using rule 55 (LocalVariableDeclarationOrStatement)


state 93

   35 VariableInitializer: '{' . '}'
   36                    | '{' . ArrayInitializers '}'

    OP_INC   shift, and go to state 67
    OP_DEC   shift, and go to state 68
    ID       shift, and go to state 69
    LITERAL  shift, and go to state 70
    '('      shift, and go to state 71
    '!'      shift, and go to state 72
    '{'      shift, and go to state 93
    '}'      shift, and go to state 138

    VariableInitializer    go to state 139
    ArrayInitializers      go to state 140
    UnaryExpression        go to state 74
    BasicElement           go to state 75
    CastExpression         go to state 76
    ArithmeticExpression   go to state 77
    RelationalExpression   go to state 78
    Expression             go to state 95
    ConditionalExpression  go to state 80
    AssignmentExpression   go to state 81


state 94

   33 VariableDeclarator: DeclaratorName '=' VariableInitializer .

    $default  reduce using rule 33 (VariableDeclarator)


state 95

   34 VariableInitializer: Expression .

    $default  reduce using rule 34 (VariableInitializer)


state 96

   43 MethodDeclarator: DeclaratorName '(' ')' .

    $default  reduce using rule 43 (MethodDeclarator)


state 97

   47 Parameter: TypeSpecifier . DeclaratorName

    ID  shift, and go to state 49

    DeclaratorName  go to state 141


state 98

   42 MethodDeclarator: DeclaratorName '(' ParameterList . ')'
   46 ParameterList: ParameterList . ',' Parameter

    ')'  shift, and go to state 142
    ','  shift, and go to state 143


state 99

   45 ParameterList: Parameter .

    $default  reduce using rule 45 (ParameterList)


state 100

   62 UnaryExpression: OP_INC ID .

    $default  reduce using rule 62 (UnaryExpression)


state 101

   63 UnaryExpression: OP_DEC ID .

    $default  reduce using rule 63 (UnaryExpression)


state 102

   64 UnaryExpression: ID OP_INC .

    $default  reduce using rule 64 (UnaryExpression)


state 103

   65 UnaryExpression: ID OP_DEC .

    $default  reduce using rule 65 (UnaryExpression)


state 104

   97 AssignmentExpression: ID ASS_MUL . Expression

    OP_INC   shift, and go to state 67
    OP_DEC   shift, and go to state 68
    ID       shift, and go to state 69
    LITERAL  shift, and go to state 70
    '('      shift, and go to state 71
    '!'      shift, and go to state 72

    UnaryExpression        go to state 74
    BasicElement           go to state 75
    CastExpression         go to state 76
    ArithmeticExpression   go to state 77
    RelationalExpression   go to state 78
    Expression             go to state 144
    ConditionalExpression  go to state 80
    AssignmentExpression   go to state 81


state 105

   98 AssignmentExpression: ID ASS_DIV . Expression

    OP_INC   shift, and go to state 67
    OP_DEC   shift, and go to state 68
    ID       shift, and go to state 69
    LITERAL  shift, and go to state 70
    '('      shift, and go to state 71
    '!'      shift, and go to state 72

    UnaryExpression        go to state 74
    BasicElement           go to state 75
    CastExpression         go to state 76
    ArithmeticExpression   go to state 77
    RelationalExpression   go to state 78
    Expression             go to state 145
    ConditionalExpression  go to state 80
    AssignmentExpression   go to state 81


state 106

   99 AssignmentExpression: ID ASS_ADD . Expression

    OP_INC   shift, and go to state 67
    OP_DEC   shift, and go to state 68
    ID       shift, and go to state 69
    LITERAL  shift, and go to state 70
    '('      shift, and go to state 71
    '!'      shift, and go to state 72

    UnaryExpression        go to state 74
    BasicElement           go to state 75
    CastExpression         go to state 76
    ArithmeticExpression   go to state 77
    RelationalExpression   go to state 78
    Expression             go to state 146
    ConditionalExpression  go to state 80
    AssignmentExpression   go to state 81


state 107

  100 AssignmentExpression: ID ASS_SUB . Expression

    OP_INC   shift, and go to state 67
    OP_DEC   shift, and go to state 68
    ID       shift, and go to state 69
    LITERAL  shift, and go to state 70
    '('      shift, and go to state 71
    '!'      shift, and go to state 72

    UnaryExpression        go to state 74
    BasicElement           go to state 75
    CastExpression         go to state 76
    ArithmeticExpression   go to state 77
    RelationalExpression   go to state 78
    Expression             go to state 147
    ConditionalExpression  go to state 80
    AssignmentExpression   go to state 81


state 108

  101 AssignmentExpression: ID ASS_XOR . Expression

    OP_INC   shift, and go to state 67
    OP_DEC   shift, and go to state 68
    ID       shift, and go to state 69
    LITERAL  shift, and go to state 70
    '('      shift, and go to state 71
    '!'      shift, and go to state 72

    UnaryExpression        go to state 74
    BasicElement           go to state 75
    CastExpression         go to state 76
    ArithmeticExpression   go to state 77
    RelationalExpression   go to state 78
    Expression             go to state 148
    ConditionalExpression  go to state 80
    AssignmentExpression   go to state 81


state 109

  102 AssignmentExpression: ID ASS_MOD . Expression

    OP_INC   shift, and go to state 67
    OP_DEC   shift, and go to state 68
    ID       shift, and go to state 69
    LITERAL  shift, and go to state 70
    '('      shift, and go to state 71
    '!'      shift, and go to state 72

    UnaryExpression        go to state 74
    BasicElement           go to state 75
    CastExpression         go to state 76
    ArithmeticExpression   go to state 77
    RelationalExpression   go to state 78
    Expression             go to state 149
    ConditionalExpression  go to state 80
    AssignmentExpression   go to state 81


state 110

  103 AssignmentExpression: ID ASS_SHL . Expression

    OP_INC   shift, and go to state 67
    OP_DEC   shift, and go to state 68
    ID       shift, and go to state 69
    LITERAL  shift, and go to state 70
    '('      shift, and go to state 71
    '!'      shift, and go to state 72

    UnaryExpression        go to state 74
    BasicElement           go to state 75
    CastExpression         go to state 76
    ArithmeticExpression   go to state 77
    RelationalExpression   go to state 78
    Expression             go to state 150
    ConditionalExpression  go to state 80
    AssignmentExpression   go to state 81


state 111

  104 AssignmentExpression: ID ASS_SHR . Expression

    OP_INC   shift, and go to state 67
    OP_DEC   shift, and go to state 68
    ID       shift, and go to state 69
    LITERAL  shift, and go to state 70
    '('      shift, and go to state 71
    '!'      shift, and go to state 72

    UnaryExpression        go to state 74
    BasicElement           go to state 75
    CastExpression         go to state 76
    ArithmeticExpression   go to state 77
    RelationalExpression   go to state 78
    Expression             go to state 151
    ConditionalExpression  go to state 80
    AssignmentExpression   go to state 81


state 112

   96 AssignmentExpression: ID '=' . Expression

    OP_INC   shift, and go to state 67
    OP_DEC   shift, and go to state 68
    ID       shift, and go to state 69
    LITERAL  shift, and go to state 70
    '('      shift, and go to state 71
    '!'      shift, and go to state 72

    UnaryExpression        go to state 74
    BasicElement           go to state 75
    CastExpression         go to state 76
    ArithmeticExpression   go to state 77
    RelationalExpression   go to state 78
    Expression             go to state 152
    ConditionalExpression  go to state 80
    AssignmentExpression   go to state 81


state 113

   71 CastExpression: '(' PrimitiveType . ')' UnaryExpression

    ')'  shift, and go to state 153


state 114

   67 UnaryExpression: '!' ID .

    $default  reduce using rule 67 (UnaryExpression)


state 115

   78 ArithmeticExpression: ArithmeticExpression OP_SHL . ArithmeticExpression

    OP_INC   shift, and go to state 67
    OP_DEC   shift, and go to state 68
    ID       shift, and go to state 154
    LITERAL  shift, and go to state 70
    '('      shift, and go to state 71
    '!'      shift, and go to state 72

    UnaryExpression       go to state 74
    BasicElement          go to state 75
    CastExpression        go to state 76
    ArithmeticExpression  go to state 155


state 116

   79 ArithmeticExpression: ArithmeticExpression OP_SHR . ArithmeticExpression

    OP_INC   shift, and go to state 67
    OP_DEC   shift, and go to state 68
    ID       shift, and go to state 154
    LITERAL  shift, and go to state 70
    '('      shift, and go to state 71
    '!'      shift, and go to state 72

    UnaryExpression       go to state 74
    BasicElement          go to state 75
    CastExpression        go to state 76
    ArithmeticExpression  go to state 156


state 117

   84 RelationalExpression: ArithmeticExpression OP_GREATER_EQUAL . RelationalExpression

    OP_INC   shift, and go to state 67
    OP_DEC   shift, and go to state 68
    ID       shift, and go to state 154
    LITERAL  shift, and go to state 70
    '('      shift, and go to state 71
    '!'      shift, and go to state 72

    UnaryExpression       go to state 74
    BasicElement          go to state 75
    CastExpression        go to state 76
    ArithmeticExpression  go to state 77
    RelationalExpression  go to state 157


state 118

   83 RelationalExpression: ArithmeticExpression OP_LESS_EQUAL . RelationalExpression

    OP_INC   shift, and go to state 67
    OP_DEC   shift, and go to state 68
    ID       shift, and go to state 154
    LITERAL  shift, and go to state 70
    '('      shift, and go to state 71
    '!'      shift, and go to state 72

    UnaryExpression       go to state 74
    BasicElement          go to state 75
    CastExpression        go to state 76
    ArithmeticExpression  go to state 77
    RelationalExpression  go to state 158


state 119

   85 RelationalExpression: ArithmeticExpression OP_EQUAL . RelationalExpression

    OP_INC   shift, and go to state 67
    OP_DEC   shift, and go to state 68
    ID       shift, and go to state 154
    LITERAL  shift, and go to state 70
    '('      shift, and go to state 71
    '!'      shift, and go to state 72

    UnaryExpression       go to state 74
    BasicElement          go to state 75
    CastExpression        go to state 76
    ArithmeticExpression  go to state 77
    RelationalExpression  go to state 159


state 120

   86 RelationalExpression: ArithmeticExpression OP_DIFFERENT . RelationalExpression

    OP_INC   shift, and go to state 67
    OP_DEC   shift, and go to state 68
    ID       shift, and go to state 154
    LITERAL  shift, and go to state 70
    '('      shift, and go to state 71
    '!'      shift, and go to state 72

    UnaryExpression       go to state 74
    BasicElement          go to state 75
    CastExpression        go to state 76
    ArithmeticExpression  go to state 77
    RelationalExpression  go to state 160


state 121

   90 RelationalExpression: ArithmeticExpression OP_AND . RelationalExpression

    OP_INC   shift, and go to state 67
    OP_DEC   shift, and go to state 68
    ID       shift, and go to state 154
    LITERAL  shift, and go to state 70
    '('      shift, and go to state 71
    '!'      shift, and go to state 72

    UnaryExpression       go to state 74
    BasicElement          go to state 75
    CastExpression        go to state 76
    ArithmeticExpression  go to state 77
    RelationalExpression  go to state 161


state 122

   91 RelationalExpression: ArithmeticExpression OP_OR . RelationalExpression

    OP_INC   shift, and go to state 67
    OP_DEC   shift, and go to state 68
    ID       shift, and go to state 154
    LITERAL  shift, and go to state 70
    '('      shift, and go to state 71
    '!'      shift, and go to state 72

    UnaryExpression       go to state 74
    BasicElement          go to state 75
    CastExpression        go to state 76
    ArithmeticExpression  go to state 77
    RelationalExpression  go to state 162


state 123

   89 RelationalExpression: ArithmeticExpression '|' . RelationalExpression

    OP_INC   shift, and go to state 67
    OP_DEC   shift, and go to state 68
    ID       shift, and go to state 154
    LITERAL  shift, and go to state 70
    '('      shift, and go to state 71
    '!'      shift, and go to state 72

    UnaryExpression       go to state 74
    BasicElement          go to state 75
    CastExpression        go to state 76
    ArithmeticExpression  go to state 77
    RelationalExpression  go to state 163


state 124

   88 RelationalExpression: ArithmeticExpression '^' . RelationalExpression

    OP_INC   shift, and go to state 67
    OP_DEC   shift, and go to state 68
    ID       shift, and go to state 154
    LITERAL  shift, and go to state 70
    '('      shift, and go to state 71
    '!'      shift, and go to state 72

    UnaryExpression       go to state 74
    BasicElement          go to state 75
    CastExpression        go to state 76
    ArithmeticExpression  go to state 77
    RelationalExpression  go to state 164


state 125

   87 RelationalExpression: ArithmeticExpression '&' . RelationalExpression

    OP_INC   shift, and go to state 67
    OP_DEC   shift, and go to state 68
    ID       shift, and go to state 154
    LITERAL  shift, and go to state 70
    '('      shift, and go to state 71
    '!'      shift, and go to state 72

    UnaryExpression       go to state 74
    BasicElement          go to state 75
    CastExpression        go to state 76
    ArithmeticExpression  go to state 77
    RelationalExpression  go to state 165


state 126

   82 RelationalExpression: ArithmeticExpression '>' . RelationalExpression

    OP_INC   shift, and go to state 67
    OP_DEC   shift, and go to state 68
    ID       shift, and go to state 154
    LITERAL  shift, and go to state 70
    '('      shift, and go to state 71
    '!'      shift, and go to state 72

    UnaryExpression       go to state 74
    BasicElement          go to state 75
    CastExpression        go to state 76
    ArithmeticExpression  go to state 77
    RelationalExpression  go to state 166


state 127

   81 RelationalExpression: ArithmeticExpression '<' . RelationalExpression

    OP_INC   shift, and go to state 67
    OP_DEC   shift, and go to state 68
    ID       shift, and go to state 154
    LITERAL  shift, and go to state 70
    '('      shift, and go to state 71
    '!'      shift, and go to state 72

    UnaryExpression       go to state 74
    BasicElement          go to state 75
    CastExpression        go to state 76
    ArithmeticExpression  go to state 77
    RelationalExpression  go to state 167


state 128

   74 ArithmeticExpression: ArithmeticExpression '-' . ArithmeticExpression

    OP_INC   shift, and go to state 67
    OP_DEC   shift, and go to state 68
    ID       shift, and go to state 154
    LITERAL  shift, and go to state 70
    '('      shift, and go to state 71
    '!'      shift, and go to state 72

    UnaryExpression       go to state 74
    BasicElement          go to state 75
    CastExpression        go to state 76
    ArithmeticExpression  go to state 168


state 129

   73 ArithmeticExpression: ArithmeticExpression '+' . ArithmeticExpression

    OP_INC   shift, and go to state 67
    OP_DEC   shift, and go to state 68
    ID       shift, and go to state 154
    LITERAL  shift, and go to state 70
    '('      shift, and go to state 71
    '!'      shift, and go to state 72

    UnaryExpression       go to state 74
    BasicElement          go to state 75
    CastExpression        go to state 76
    ArithmeticExpression  go to state 169


state 130

   76 ArithmeticExpression: ArithmeticExpression '*' . ArithmeticExpression

    OP_INC   shift, and go to state 67
    OP_DEC   shift, and go to state 68
    ID       shift, and go to state 154
    LITERAL  shift, and go to state 70
    '('      shift, and go to state 71
    '!'      shift, and go to state 72

    UnaryExpression       go to state 74
    BasicElement          go to state 75
    CastExpression        go to state 76
    ArithmeticExpression  go to state 170


state 131

   75 ArithmeticExpression: ArithmeticExpression '/' . ArithmeticExpression

    OP_INC   shift, and go to state 67
    OP_DEC   shift, and go to state 68
    ID       shift, and go to state 154
    LITERAL  shift, and go to state 70
    '('      shift, and go to state 71
    '!'      shift, and go to state 72

    UnaryExpression       go to state 74
    BasicElement          go to state 75
    CastExpression        go to state 76
    ArithmeticExpression  go to state 171


state 132

   77 ArithmeticExpression: ArithmeticExpression '%' . ArithmeticExpression

    OP_INC   shift, and go to state 67
    OP_DEC   shift, and go to state 68
    ID       shift, and go to state 154
    LITERAL  shift, and go to state 70
    '('      shift, and go to state 71
    '!'      shift, and go to state 72

    UnaryExpression       go to state 74
    BasicElement          go to state 75
    CastExpression        go to state 76
    ArithmeticExpression  go to state 172


state 133

   95 ConditionalExpression: RelationalExpression '?' . Expression ':' Expression

    OP_INC   shift, and go to state 67
    OP_DEC   shift, and go to state 68
    ID       shift, and go to state 69
    LITERAL  shift, and go to state 70
    '('      shift, and go to state 71
    '!'      shift, and go to state 72

    UnaryExpression        go to state 74
    BasicElement           go to state 75
    CastExpression         go to state 76
    ArithmeticExpression   go to state 77
    RelationalExpression   go to state 78
    Expression             go to state 173
    ConditionalExpression  go to state 80
    AssignmentExpression   go to state 81


state 134

   60 DimExpr: '[' Expression ']' .

    $default  reduce using rule 60 (DimExpr)


state 135

   31 VariableDeclarators: VariableDeclarators . ',' VariableDeclarator
   56 LocalVariableDeclarationStatement: TypeSpecifier VariableDeclarators . ';'

    ';'  shift, and go to state 174
    ','  shift, and go to state 60


state 136

   50 Block: '{' LocalVariableDeclarationsAndStatements '}' .

    $default  reduce using rule 50 (Block)


state 137

   53 LocalVariableDeclarationsAndStatements: LocalVariableDeclarationsAndStatements LocalVariableDeclarationOrStatement .

    $default  reduce using rule 53 (LocalVariableDeclarationsAndStatements)


state 138

   35 VariableInitializer: '{' '}' .

    $default  reduce using rule 35 (VariableInitializer)


state 139

   37 ArrayInitializers: VariableInitializer .

    $default  reduce using rule 37 (ArrayInitializers)


state 140

   36 VariableInitializer: '{' ArrayInitializers . '}'
   38 ArrayInitializers: ArrayInitializers . ',' VariableInitializer
   39                  | ArrayInitializers . ','

    '}'  shift, and go to state 175
    ','  shift, and go to state 176


state 141

   47 Parameter: TypeSpecifier DeclaratorName .
   49 DeclaratorName: DeclaratorName . OP_DIM

    OP_DIM  shift, and go to state 64

    $default  reduce using rule 47 (Parameter)


state 142

   42 MethodDeclarator: DeclaratorName '(' ParameterList ')' .

    $default  reduce using rule 42 (MethodDeclarator)


state 143

   46 ParameterList: ParameterList ',' . Parameter

    BOOLEAN  shift, and go to state 30
    BYTE     shift, and go to state 31
    CHAR     shift, and go to state 32
    DOUBLE   shift, and go to state 33
    FLOAT    shift, and go to state 34
    INT      shift, and go to state 35
    LONG     shift, and go to state 36
    SHORT    shift, and go to state 37
    VOID     shift, and go to state 38
    ID       shift, and go to state 9

    TypeSpecifier  go to state 97
    TypeName       go to state 40
    PrimitiveType  go to state 41
    QualifiedName  go to state 42
    Parameter      go to state 177


state 144

   97 AssignmentExpression: ID ASS_MUL Expression .

    $default  reduce using rule 97 (AssignmentExpression)


state 145

   98 AssignmentExpression: ID ASS_DIV Expression .

    $default  reduce using rule 98 (AssignmentExpression)


state 146

   99 AssignmentExpression: ID ASS_ADD Expression .

    $default  reduce using rule 99 (AssignmentExpression)


state 147

  100 AssignmentExpression: ID ASS_SUB Expression .

    $default  reduce using rule 100 (AssignmentExpression)


state 148

  101 AssignmentExpression: ID ASS_XOR Expression .

    $default  reduce using rule 101 (AssignmentExpression)


state 149

  102 AssignmentExpression: ID ASS_MOD Expression .

    $default  reduce using rule 102 (AssignmentExpression)


state 150

  103 AssignmentExpression: ID ASS_SHL Expression .

    $default  reduce using rule 103 (AssignmentExpression)


state 151

  104 AssignmentExpression: ID ASS_SHR Expression .

    $default  reduce using rule 104 (AssignmentExpression)


state 152

   96 AssignmentExpression: ID '=' Expression .

    $default  reduce using rule 96 (AssignmentExpression)


state 153

   71 CastExpression: '(' PrimitiveType ')' . UnaryExpression

    OP_INC   shift, and go to state 67
    OP_DEC   shift, and go to state 68
    ID       shift, and go to state 154
    LITERAL  shift, and go to state 70
    '!'      shift, and go to state 72

    UnaryExpression  go to state 178
    BasicElement     go to state 75


state 154

   64 UnaryExpression: ID . OP_INC
   65                | ID . OP_DEC
   68 BasicElement: ID .

    OP_INC  shift, and go to state 102
    OP_DEC  shift, and go to state 103

    $default  reduce using rule 68 (BasicElement)


state 155

   73 ArithmeticExpression: ArithmeticExpression . '+' ArithmeticExpression
   74                     | ArithmeticExpression . '-' ArithmeticExpression
   75                     | ArithmeticExpression . '/' ArithmeticExpression
   76                     | ArithmeticExpression . '*' ArithmeticExpression
   77                     | ArithmeticExpression . '%' ArithmeticExpression
   78                     | ArithmeticExpression . OP_SHL ArithmeticExpression
   78                     | ArithmeticExpression OP_SHL ArithmeticExpression .
   79                     | ArithmeticExpression . OP_SHR ArithmeticExpression

    '-'  shift, and go to state 128
    '+'  shift, and go to state 129
    '*'  shift, and go to state 130
    '/'  shift, and go to state 131
    '%'  shift, and go to state 132

    $default  reduce using rule 78 (ArithmeticExpression)


state 156

   73 ArithmeticExpression: ArithmeticExpression . '+' ArithmeticExpression
   74                     | ArithmeticExpression . '-' ArithmeticExpression
   75                     | ArithmeticExpression . '/' ArithmeticExpression
   76                     | ArithmeticExpression . '*' ArithmeticExpression
   77                     | ArithmeticExpression . '%' ArithmeticExpression
   78                     | ArithmeticExpression . OP_SHL ArithmeticExpression
   79                     | ArithmeticExpression . OP_SHR ArithmeticExpression
   79                     | ArithmeticExpression OP_SHR ArithmeticExpression .

    '-'  shift, and go to state 128
    '+'  shift, and go to state 129
    '*'  shift, and go to state 130
    '/'  shift, and go to state 131
    '%'  shift, and go to state 132

    $default  reduce using rule 79 (ArithmeticExpression)


state 157

   84 RelationalExpression: ArithmeticExpression OP_GREATER_EQUAL RelationalExpression .

    $default  reduce using rule 84 (RelationalExpression)


state 158

   83 RelationalExpression: ArithmeticExpression OP_LESS_EQUAL RelationalExpression .

    $default  reduce using rule 83 (RelationalExpression)


state 159

   85 RelationalExpression: ArithmeticExpression OP_EQUAL RelationalExpression .

    $default  reduce using rule 85 (RelationalExpression)


state 160

   86 RelationalExpression: ArithmeticExpression OP_DIFFERENT RelationalExpression .

    $default  reduce using rule 86 (RelationalExpression)


state 161

   90 RelationalExpression: ArithmeticExpression OP_AND RelationalExpression .

    $default  reduce using rule 90 (RelationalExpression)


state 162

   91 RelationalExpression: ArithmeticExpression OP_OR RelationalExpression .

    $default  reduce using rule 91 (RelationalExpression)


state 163

   89 RelationalExpression: ArithmeticExpression '|' RelationalExpression .

    $default  reduce using rule 89 (RelationalExpression)


state 164

   88 RelationalExpression: ArithmeticExpression '^' RelationalExpression .

    $default  reduce using rule 88 (RelationalExpression)


state 165

   87 RelationalExpression: ArithmeticExpression '&' RelationalExpression .

    $default  reduce using rule 87 (RelationalExpression)


state 166

   82 RelationalExpression: ArithmeticExpression '>' RelationalExpression .

    $default  reduce using rule 82 (RelationalExpression)


state 167

   81 RelationalExpression: ArithmeticExpression '<' RelationalExpression .

    $default  reduce using rule 81 (RelationalExpression)


state 168

   73 ArithmeticExpression: ArithmeticExpression . '+' ArithmeticExpression
   74                     | ArithmeticExpression . '-' ArithmeticExpression
   74                     | ArithmeticExpression '-' ArithmeticExpression .
   75                     | ArithmeticExpression . '/' ArithmeticExpression
   76                     | ArithmeticExpression . '*' ArithmeticExpression
   77                     | ArithmeticExpression . '%' ArithmeticExpression
   78                     | ArithmeticExpression . OP_SHL ArithmeticExpression
   79                     | ArithmeticExpression . OP_SHR ArithmeticExpression

    '*'  shift, and go to state 130
    '/'  shift, and go to state 131
    '%'  shift, and go to state 132

    $default  reduce using rule 74 (ArithmeticExpression)


state 169

   73 ArithmeticExpression: ArithmeticExpression . '+' ArithmeticExpression
   73                     | ArithmeticExpression '+' ArithmeticExpression .
   74                     | ArithmeticExpression . '-' ArithmeticExpression
   75                     | ArithmeticExpression . '/' ArithmeticExpression
   76                     | ArithmeticExpression . '*' ArithmeticExpression
   77                     | ArithmeticExpression . '%' ArithmeticExpression
   78                     | ArithmeticExpression . OP_SHL ArithmeticExpression
   79                     | ArithmeticExpression . OP_SHR ArithmeticExpression

    '*'  shift, and go to state 130
    '/'  shift, and go to state 131
    '%'  shift, and go to state 132

    $default  reduce using rule 73 (ArithmeticExpression)


state 170

   73 ArithmeticExpression: ArithmeticExpression . '+' ArithmeticExpression
   74                     | ArithmeticExpression . '-' ArithmeticExpression
   75                     | ArithmeticExpression . '/' ArithmeticExpression
   76                     | ArithmeticExpression . '*' ArithmeticExpression
   76                     | ArithmeticExpression '*' ArithmeticExpression .
   77                     | ArithmeticExpression . '%' ArithmeticExpression
   78                     | ArithmeticExpression . OP_SHL ArithmeticExpression
   79                     | ArithmeticExpression . OP_SHR ArithmeticExpression

    $default  reduce using rule 76 (ArithmeticExpression)


state 171

   73 ArithmeticExpression: ArithmeticExpression . '+' ArithmeticExpression
   74                     | ArithmeticExpression . '-' ArithmeticExpression
   75                     | ArithmeticExpression . '/' ArithmeticExpression
   75                     | ArithmeticExpression '/' ArithmeticExpression .
   76                     | ArithmeticExpression . '*' ArithmeticExpression
   77                     | ArithmeticExpression . '%' ArithmeticExpression
   78                     | ArithmeticExpression . OP_SHL ArithmeticExpression
   79                     | ArithmeticExpression . OP_SHR ArithmeticExpression

    $default  reduce using rule 75 (ArithmeticExpression)


state 172

   73 ArithmeticExpression: ArithmeticExpression . '+' ArithmeticExpression
   74                     | ArithmeticExpression . '-' ArithmeticExpression
   75                     | ArithmeticExpression . '/' ArithmeticExpression
   76                     | ArithmeticExpression . '*' ArithmeticExpression
   77                     | ArithmeticExpression . '%' ArithmeticExpression
   77                     | ArithmeticExpression '%' ArithmeticExpression .
   78                     | ArithmeticExpression . OP_SHL ArithmeticExpression
   79                     | ArithmeticExpression . OP_SHR ArithmeticExpression

    $default  reduce using rule 77 (ArithmeticExpression)


state 173

   95 ConditionalExpression: RelationalExpression '?' Expression . ':' Expression

    ':'  shift, and go to state 179


state 174

   56 LocalVariableDeclarationStatement: TypeSpecifier VariableDeclarators ';' .

    $default  reduce using rule 56 (LocalVariableDeclarationStatement)


state 175

   36 VariableInitializer: '{' ArrayInitializers '}' .

    $default  reduce using rule 36 (VariableInitializer)


state 176

   38 ArrayInitializers: ArrayInitializers ',' . VariableInitializer
   39                  | ArrayInitializers ',' .

    OP_INC   shift, and go to state 67
    OP_DEC   shift, and go to state 68
    ID       shift, and go to state 69
    LITERAL  shift, and go to state 70
    '('      shift, and go to state 71
    '!'      shift, and go to state 72
    '{'      shift, and go to state 93

    $default  reduce using rule 39 (ArrayInitializers)

    VariableInitializer    go to state 180
    UnaryExpression        go to state 74
    BasicElement           go to state 75
    CastExpression         go to state 76
    ArithmeticExpression   go to state 77
    RelationalExpression   go to state 78
    Expression             go to state 95
    ConditionalExpression  go to state 80
    AssignmentExpression   go to state 81


state 177

   46 ParameterList: ParameterList ',' Parameter .

    $default  reduce using rule 46 (ParameterList)


state 178

   71 CastExpression: '(' PrimitiveType ')' UnaryExpression .

    $default  reduce using rule 71 (CastExpression)


state 179

   95 ConditionalExpression: RelationalExpression '?' Expression ':' . Expression

    OP_INC   shift, and go to state 67
    OP_DEC   shift, and go to state 68
    ID       shift, and go to state 69
    LITERAL  shift, and go to state 70
    '('      shift, and go to state 71
    '!'      shift, and go to state 72

    UnaryExpression        go to state 74
    BasicElement           go to state 75
    CastExpression         go to state 76
    ArithmeticExpression   go to state 77
    RelationalExpression   go to state 78
    Expression             go to state 181
    ConditionalExpression  go to state 80
    AssignmentExpression   go to state 81


state 180

   38 ArrayInitializers: ArrayInitializers ',' VariableInitializer .

    $default  reduce using rule 38 (ArrayInitializers)


state 181

   95 ConditionalExpression: RelationalExpression '?' Expression ':' Expression .

    $default  reduce using rule 95 (ConditionalExpression)
